d:\programming\github\missionplanner\imageprocessing\debug\vc120.pdb
d:\programming\github\missionplanner\imageprocessing\debug\vc120.idb
d:\programming\github\missionplanner\imageprocessing\debug\start.obj
d:\programming\github\missionplanner\imageprocessing\debug\start_wrap.obj
d:\programming\github\missionplanner\imageprocessing\start_wrap.cxx
d:\programming\github\missionplanner\bin\debug\imageprocessing.lib
d:\programming\github\missionplanner\bin\debug\imageprocessing.exp
d:\programming\github\missionplanner\bin\debug\imageprocessing.ilk
d:\programming\github\missionplanner\bin\debug\imageprocessing.dll
d:\programming\github\missionplanner\bin\debug\imageprocessing.pdb
d:\programming\github\missionplanner\imageprocessing\debug\imageprocessing.tlog\cl.command.1.tlog
d:\programming\github\missionplanner\imageprocessing\debug\imageprocessing.tlog\cl.read.1.tlog
d:\programming\github\missionplanner\imageprocessing\debug\imageprocessing.tlog\cl.write.1.tlog
d:\programming\github\missionplanner\imageprocessing\debug\imageprocessing.tlog\custombuild.command.1.tlog
d:\programming\github\missionplanner\imageprocessing\debug\imageprocessing.tlog\custombuild.read.1.tlog
d:\programming\github\missionplanner\imageprocessing\debug\imageprocessing.tlog\custombuild.write.1.tlog
d:\programming\github\missionplanner\imageprocessing\debug\imageprocessing.tlog\imageprocessing.write.1u.tlog
d:\programming\github\missionplanner\imageprocessing\debug\imageprocessing.tlog\link.command.1.tlog
d:\programming\github\missionplanner\imageprocessing\debug\imageprocessing.tlog\link.read.1.tlog
d:\programming\github\missionplanner\imageprocessing\debug\imageprocessing.tlog\link.write.1.tlog
